<?xml version="1.0" encoding="UTF-8"?>
<!-- Generated by org.testng.reporters.JUnitReportReporter -->
<testsuite hostname="AJA" failures="0" tests="4" name="api.test.UserTestsPropertiesFile" time="7.960" errors="0" timestamp="2023-05-28T21:34:37 IST" skipped="0">
  <testcase classname="api.test.UserTestsPropertiesFile" name="testpostUser" time="2.289"/>
  <testcase classname="api.test.UserTestsPropertiesFile" name="testGetUserName" time="1.122"/>
  <testcase classname="api.test.UserTestsPropertiesFile" name="testUpdateuser" time="3.403"/>
  <testcase classname="api.test.UserTestsPropertiesFile" name="testDeleteUserName" time="1.146"/>
</testsuite> <!-- api.test.UserTestsPropertiesFile -->
