<?xml version="1.0" encoding="UTF-8"?>
<!-- Generated by org.testng.reporters.JUnitReportReporter -->
<testsuite hostname="AJA" failures="0" tests="6" name="api.test.DataDriverTest" time="6.784" errors="0" timestamp="2023-05-28T01:37:39 IST" skipped="0">
  <testcase classname="api.test.DataDriverTest" name="testpostUser" time="1.159"/>
  <testcase classname="api.test.DataDriverTest" name="testpostUser" time="1.131"/>
  <testcase classname="api.test.DataDriverTest" name="testpostUser" time="1.166"/>
  <testcase classname="api.test.DataDriverTest" name="testDeleteUserName" time="1.121"/>
  <testcase classname="api.test.DataDriverTest" name="testDeleteUserName" time="1.100"/>
  <testcase classname="api.test.DataDriverTest" name="testDeleteUserName" time="1.107"/>
</testsuite> <!-- api.test.DataDriverTest -->
