<?xml version="1.0" encoding="UTF-8"?>
<!-- Generated by org.testng.reporters.JUnitReportReporter -->
<testsuite hostname="AJA" failures="0" tests="4" name="api.test.UserTests" time="8.027" errors="0" timestamp="2023-05-28T20:07:28 IST" skipped="0">
  <testcase classname="api.test.UserTests" name="testpostUser" time="2.365"/>
  <testcase classname="api.test.UserTests" name="testGetUserName" time="1.100"/>
  <testcase classname="api.test.UserTests" name="testUpdateuser" time="3.422"/>
  <testcase classname="api.test.UserTests" name="testDeleteUserName" time="1.140"/>
</testsuite> <!-- api.test.UserTests -->
