<?xml version="1.0" encoding="UTF-8"?>
<!-- Generated by org.testng.reporters.JUnitReportReporter -->
<testsuite hostname="AJA" failures="0" tests="4" name="api.test.UserTests" time="7.874" errors="0" timestamp="2023-05-28T22:30:08 IST" skipped="0">
  <testcase classname="api.test.UserTests" name="testpostUser" time="1.306"/>
  <testcase classname="api.test.UserTests" name="testGetUserName" time="1.145"/>
  <testcase classname="api.test.UserTests" name="testUpdateuser" time="4.331"/>
  <testcase classname="api.test.UserTests" name="testDeleteUserName" time="1.092"/>
</testsuite> <!-- api.test.UserTests -->
