<?xml version="1.0" encoding="UTF-8"?>
<!-- Generated by org.testng.reporters.JUnitReportReporter -->
<testsuite hostname="AJA" failures="0" tests="6" name="api.test.DataDriverTest" time="10.517" errors="0" timestamp="2023-05-28T22:30:08 IST" skipped="0">
  <testcase classname="api.test.DataDriverTest" name="testpostUser" time="2.580"/>
  <testcase classname="api.test.DataDriverTest" name="testpostUser" time="1.366"/>
  <testcase classname="api.test.DataDriverTest" name="testpostUser" time="3.129"/>
  <testcase classname="api.test.DataDriverTest" name="testDeleteUserName" time="1.149"/>
  <testcase classname="api.test.DataDriverTest" name="testDeleteUserName" time="1.110"/>
  <testcase classname="api.test.DataDriverTest" name="testDeleteUserName" time="1.183"/>
</testsuite> <!-- api.test.DataDriverTest -->
